{
    "rows_returned": 1440,
    "latency": 0.318257221,
    "result_set_size": 34560,
    "query_name": "SELECT minute, SUM(bid_price) FROM events WHERE type = 'impression' AND day = '2024-06-01' GROUP BY minute ORDER BY minute ASC",
    "blocked_thread_time": 0.0,
    "system_peak_buffer_memory": 70946138112,
    "system_peak_temp_dir_size": 0,
    "cpu_time": 6.557531174000003,
    "extra_info": {},
    "cumulative_cardinality": 442898,
    "cumulative_rows_scanned": 5880000000,
    "children": [
        {
            "result_set_size": 34560,
            "operator_name": "ORDER_BY",
            "cpu_time": 6.557531174000003,
            "extra_info": {
                "Order By": "memory.main.events.\"minute\" ASC"
            },
            "cumulative_cardinality": 442898,
            "operator_type": "ORDER_BY",
            "operator_cardinality": 1440,
            "cumulative_rows_scanned": 5880000000,
            "operator_rows_scanned": 0,
            "operator_timing": 0.038282793999999995,
            "children": [
                {
                    "result_set_size": 34560,
                    "operator_name": "HASH_GROUP_BY",
                    "cpu_time": 6.519248380000003,
                    "extra_info": {
                        "Groups": "#0",
                        "Aggregates": "sum(#1)",
                        "Estimated Cardinality": "351448"
                    },
                    "cumulative_cardinality": 441458,
                    "operator_type": "HASH_GROUP_BY",
                    "operator_cardinality": 1440,
                    "cumulative_rows_scanned": 5880000000,
                    "operator_rows_scanned": 0,
                    "operator_timing": 0.44230371500000004,
                    "children": [
                        {
                            "result_set_size": 5280216,
                            "operator_name": "PROJECTION",
                            "cpu_time": 6.076944665000003,
                            "extra_info": {
                                "Projections": [
                                    "minute",
                                    "bid_price"
                                ],
                                "Estimated Cardinality": "606436"
                            },
                            "cumulative_cardinality": 440018,
                            "operator_type": "PROJECTION",
                            "operator_cardinality": 220009,
                            "cumulative_rows_scanned": 5880000000,
                            "operator_rows_scanned": 0,
                            "operator_timing": 0.05199594299999959,
                            "children": [
                                {
                                    "result_set_size": 5280216,
                                    "operator_name": "SEQ_SCAN ",
                                    "cpu_time": 6.024948722000003,
                                    "extra_info": {
                                        "Table": "events",
                                        "Type": "Sequential Scan",
                                        "Projections": [
                                            "minute",
                                            "bid_price"
                                        ],
                                        "Filters": [
                                            "type='impression'",
                                            "day='2024-06-01'::DATE"
                                        ],
                                        "Estimated Cardinality": "606436"
                                    },
                                    "cumulative_cardinality": 220009,
                                    "operator_type": "TABLE_SCAN",
                                    "operator_cardinality": 220009,
                                    "cumulative_rows_scanned": 5880000000,
                                    "operator_rows_scanned": 5880000000,
                                    "operator_timing": 6.024948722000003,
                                    "children": []
                                }
                            ]
                        }
                    ]
                }
            ]
        }
    ]
}